<?xml version="1.0" encoding="UTF-8"?>
<testsuite xmlns:xsi="http://www.w3.org/2001/XMLSchema-instance" xsi:noNamespaceSchemaLocation="https://maven.apache.org/surefire/maven-surefire-plugin/xsd/surefire-test-report.xsd" version="3.0.2" name="com.backend.onebus.controller.BusNumberControllerIntegrationTest" time="12.542" tests="1" errors="0" skipped="0" failures="0">
  <properties>
[...]
</properties>
  <testcase name="testCreateBusNumberWithBusCompanyId" classname="com.backend.onebus.controller.BusNumberControllerIntegrationTest" time="2.341">
    <system-out><![CDATA[01:14:00.808 [main] INFO org.springframework.test.context.support.AnnotationConfigContextLoaderUtils -- Could not detect default configuration classes for test class [com.backend.onebus.controller.BusNumberControllerIntegrationTest]: BusNumberControllerIntegrationTest does not declare any static, non-private, non-final, nested classes annotated with @Configuration.
01:14:00.899 [main] INFO org.springframework.boot.test.context.SpringBootTestContextBootstrapper -- Found @SpringBootConfiguration com.backend.onebus.OneBusApplication for test class com.backend.onebus.controller.BusNumberControllerIntegrationTest

  .   ____          _            __ _ _
 /\\ / ___'_ __ _ _(_)_ __  __ _ \ \ \ \
( ( )\___ | '_ | '_| | '_ \/ _` | \ \ \ \
 \\/  ___)| |_)| | | | | || (_| |  ) ) ) )
  '  |____| .__|_| |_|_| |_\__, | / / / /
 =========|_|==============|___/=/_/_/_/

 :: Spring Boot ::                (v3.5.3)

2025-09-14T01:14:01.142+02:00  INFO 88070 --- [onebus] [           main] b.o.c.BusNumberControllerIntegrationTest : Starting BusNumberControllerIntegrationTest using Java 21.0.8 with PID 88070 (started by thabangsoulo in /Users/thabangsoulo/personalspace/OneBusBackend)
2025-09-14T01:14:01.143+02:00 DEBUG 88070 --- [onebus] [           main] b.o.c.BusNumberControllerIntegrationTest : Running with Spring Boot v3.5.3, Spring v6.2.8
2025-09-14T01:14:01.143+02:00  INFO 88070 --- [onebus] [           main] b.o.c.BusNumberControllerIntegrationTest : No active profile set, falling back to 1 default profile: "default"
2025-09-14T01:14:01.591+02:00  INFO 88070 --- [onebus] [           main] .s.d.r.c.RepositoryConfigurationDelegate : Multiple Spring Data modules found, entering strict repository configuration mode
2025-09-14T01:14:01.592+02:00  INFO 88070 --- [onebus] [           main] .s.d.r.c.RepositoryConfigurationDelegate : Bootstrapping Spring Data JPA repositories in DEFAULT mode.
2025-09-14T01:14:01.678+02:00  INFO 88070 --- [onebus] [           main] .s.d.r.c.RepositoryConfigurationDelegate : Finished Spring Data repository scanning in 80 ms. Found 6 JPA repository interfaces.
2025-09-14T01:14:01.690+02:00  INFO 88070 --- [onebus] [           main] .s.d.r.c.RepositoryConfigurationDelegate : Multiple Spring Data modules found, entering strict repository configuration mode
2025-09-14T01:14:01.690+02:00  INFO 88070 --- [onebus] [           main] .s.d.r.c.RepositoryConfigurationDelegate : Bootstrapping Spring Data Redis repositories in DEFAULT mode.
2025-09-14T01:14:01.699+02:00  INFO 88070 --- [onebus] [           main] .RepositoryConfigurationExtensionSupport : Spring Data Redis - Could not safely identify store assignment for repository candidate interface com.backend.onebus.repository.BusCompanyRepository; If you want this repository to be a Redis repository, consider annotating your entities with one of these annotations: org.springframework.data.redis.core.RedisHash (preferred), or consider extending one of the following types with your repository: org.springframework.data.keyvalue.repository.KeyValueRepository
2025-09-14T01:14:01.700+02:00  INFO 88070 --- [onebus] [           main] .RepositoryConfigurationExtensionSupport : Spring Data Redis - Could not safely identify store assignment for repository candidate interface com.backend.onebus.repository.BusLocationRepository; If you want this repository to be a Redis repository, consider annotating your entities with one of these annotations: org.springframework.data.redis.core.RedisHash (preferred), or consider extending one of the following types with your repository: org.springframework.data.keyvalue.repository.KeyValueRepository
2025-09-14T01:14:01.700+02:00  INFO 88070 --- [onebus] [           main] .RepositoryConfigurationExtensionSupport : Spring Data Redis - Could not safely identify store assignment for repository candidate interface com.backend.onebus.repository.BusNumberRepository; If you want this repository to be a Redis repository, consider annotating your entities with one of these annotations: org.springframework.data.redis.core.RedisHash (preferred), or consider extending one of the following types with your repository: org.springframework.data.keyvalue.repository.KeyValueRepository
2025-09-14T01:14:01.700+02:00  INFO 88070 --- [onebus] [           main] .RepositoryConfigurationExtensionSupport : Spring Data Redis - Could not safely identify store assignment for repository candidate interface com.backend.onebus.repository.BusRepository; If you want this repository to be a Redis repository, consider annotating your entities with one of these annotations: org.springframework.data.redis.core.RedisHash (preferred), or consider extending one of the following types with your repository: org.springframework.data.keyvalue.repository.KeyValueRepository
2025-09-14T01:14:01.700+02:00  INFO 88070 --- [onebus] [           main] .RepositoryConfigurationExtensionSupport : Spring Data Redis - Could not safely identify store assignment for repository candidate interface com.backend.onebus.repository.RouteRepository; If you want this repository to be a Redis repository, consider annotating your entities with one of these annotations: org.springframework.data.redis.core.RedisHash (preferred), or consider extending one of the following types with your repository: org.springframework.data.keyvalue.repository.KeyValueRepository
2025-09-14T01:14:01.700+02:00  INFO 88070 --- [onebus] [           main] .RepositoryConfigurationExtensionSupport : Spring Data Redis - Could not safely identify store assignment for repository candidate interface com.backend.onebus.repository.RouteStopRepository; If you want this repository to be a Redis repository, consider annotating your entities with one of these annotations: org.springframework.data.redis.core.RedisHash (preferred), or consider extending one of the following types with your repository: org.springframework.data.keyvalue.repository.KeyValueRepository
2025-09-14T01:14:01.700+02:00  INFO 88070 --- [onebus] [           main] .s.d.r.c.RepositoryConfigurationDelegate : Finished Spring Data repository scanning in 4 ms. Found 0 Redis repository interfaces.
2025-09-14T01:14:01.910+02:00  INFO 88070 --- [onebus] [           main] com.zaxxer.hikari.HikariDataSource       : HikariPool-1 - Starting...
2025-09-14T01:14:03.854+02:00  INFO 88070 --- [onebus] [           main] com.zaxxer.hikari.pool.HikariPool        : HikariPool-1 - Added connection org.postgresql.jdbc.PgConnection@62cd562d
2025-09-14T01:14:03.856+02:00  INFO 88070 --- [onebus] [           main] com.zaxxer.hikari.HikariDataSource       : HikariPool-1 - Start completed.
2025-09-14T01:14:03.923+02:00  INFO 88070 --- [onebus] [           main] o.hibernate.jpa.internal.util.LogHelper  : HHH000204: Processing PersistenceUnitInfo [name: default]
2025-09-14T01:14:03.952+02:00  INFO 88070 --- [onebus] [           main] org.hibernate.Version                    : HHH000412: Hibernate ORM core version 6.6.18.Final
2025-09-14T01:14:03.975+02:00  INFO 88070 --- [onebus] [           main] o.h.c.internal.RegionFactoryInitiator    : HHH000026: Second-level cache disabled
2025-09-14T01:14:04.107+02:00  INFO 88070 --- [onebus] [           main] o.s.o.j.p.SpringPersistenceUnitInfo      : No LoadTimeWeaver setup: ignoring JPA class transformer
2025-09-14T01:14:04.356+02:00  WARN 88070 --- [onebus] [           main] org.hibernate.orm.deprecation            : HHH90000025: PostgreSQLDialect does not need to be specified explicitly using 'hibernate.dialect' (remove the property setting and it will be selected by default)
2025-09-14T01:14:04.998+02:00  INFO 88070 --- [onebus] [           main] org.hibernate.orm.connections.pooling    : HHH10001005: Database info:
	Database JDBC URL [Connecting through datasource 'HikariDataSource (HikariPool-1)']
	Database driver: undefined/unknown
	Database version: 17.6
	Autocommit mode: undefined/unknown
	Isolation level: undefined/unknown
	Minimum pool size: undefined/unknown
	Maximum pool size: undefined/unknown
2025-09-14T01:14:05.553+02:00  INFO 88070 --- [onebus] [           main] o.h.e.t.j.p.i.JtaPlatformInitiator       : HHH000489: No JTA platform available (set 'hibernate.transaction.jta.platform' to enable JTA platform integration)
2025-09-14T01:14:08.048+02:00  WARN 88070 --- [onebus] [           main] o.h.engine.jdbc.spi.SqlExceptionHelper   : SQL Warning Code: 0, SQLState: 00000
2025-09-14T01:14:08.048+02:00  WARN 88070 --- [onebus] [           main] o.h.engine.jdbc.spi.SqlExceptionHelper   : constraint "ukncuty9yb22wev3m3o6x03ibbl" of relation "bus_companies" does not exist, skipping
2025-09-14T01:14:08.463+02:00  WARN 88070 --- [onebus] [           main] o.h.engine.jdbc.spi.SqlExceptionHelper   : SQL Warning Code: 0, SQLState: 00000
2025-09-14T01:14:08.463+02:00  WARN 88070 --- [onebus] [           main] o.h.engine.jdbc.spi.SqlExceptionHelper   : constraint "ukjr73wiowd8mvpdm2g99xp6yca" of relation "bus_companies" does not exist, skipping
2025-09-14T01:14:09.344+02:00  INFO 88070 --- [onebus] [           main] j.LocalContainerEntityManagerFactoryBean : Initialized JPA EntityManagerFactory for persistence unit 'default'
2025-09-14T01:14:09.576+02:00  INFO 88070 --- [onebus] [           main] o.s.d.j.r.query.QueryEnhancerFactory     : Hibernate is in classpath; If applicable, HQL parser will be used.
2025-09-14T01:14:10.600+02:00  WARN 88070 --- [onebus] [           main] JpaBaseConfiguration$JpaWebConfiguration : spring.jpa.open-in-view is enabled by default. Therefore, database queries may be performed during view rendering. Explicitly configure spring.jpa.open-in-view to disable this warning
2025-09-14T01:14:10.909+02:00  INFO 88070 --- [onebus] [           main] o.s.m.s.b.SimpleBrokerMessageHandler     : Starting...
2025-09-14T01:14:10.910+02:00  INFO 88070 --- [onebus] [           main] o.s.m.s.b.SimpleBrokerMessageHandler     : BrokerAvailabilityEvent[available=true, SimpleBrokerMessageHandler [org.springframework.messaging.simp.broker.DefaultSubscriptionRegistry@571f925f]]
2025-09-14T01:14:10.910+02:00  INFO 88070 --- [onebus] [           main] o.s.m.s.b.SimpleBrokerMessageHandler     : Started.
2025-09-14T01:14:10.917+02:00  INFO 88070 --- [onebus] [           main] b.o.c.BusNumberControllerIntegrationTest : Started BusNumberControllerIntegrationTest in 9.947 seconds (process running for 10.469)
2025-09-14T01:14:11.245+02:00  INFO 88070 --- [onebus] [           main] o.s.b.t.m.w.SpringBootMockServletContext : Initializing Spring TestDispatcherServlet ''
2025-09-14T01:14:11.246+02:00  INFO 88070 --- [onebus] [           main] o.s.t.web.servlet.TestDispatcherServlet  : Initializing Servlet ''
2025-09-14T01:14:11.247+02:00  INFO 88070 --- [onebus] [           main] o.s.t.web.servlet.TestDispatcherServlet  : Completed initialization in 0 ms
]]></system-out>
    <system-err><![CDATA[Mockito is currently self-attaching to enable the inline-mock-maker. This will no longer work in future releases of the JDK. Please add Mockito as an agent to your build as described in Mockito's documentation: https://javadoc.io/doc/org.mockito/mockito-core/latest/org.mockito/org/mockito/Mockito.html#0.3
WARNING: A Java agent has been loaded dynamically (/Users/thabangsoulo/.m2/repository/net/bytebuddy/byte-buddy-agent/1.17.6/byte-buddy-agent-1.17.6.jar)
WARNING: If a serviceability tool is in use, please run with -XX:+EnableDynamicAgentLoading to hide this warning
WARNING: If a serviceability tool is not in use, please run with -Djdk.instrument.traceUsage for more information
WARNING: Dynamic loading of agents will be disallowed by default in a future release
]]></system-err>
  </testcase>
</testsuite>